{"/home/mohammad/proj/top/repos/top-lessons/node/practica/default-app-name/libraries/global-context/index.ts": {"path":"/home/mohammad/proj/top/repos/top-lessons/node/practica/default-app-name/libraries/global-context/index.ts","all":false,"statementMap":{"0":{"start":{"line":1,"column":0},"end":{"line":1,"column":40}}},"s":{"0":1},"branchMap":{"0":{"type":"branch","line":1,"loc":{"start":{"line":1,"column":9},"end":{"line":1,"column":40}},"locations":[{"start":{"line":1,"column":9},"end":{"line":1,"column":40}}]}},"b":{"0":[5]},"fnMap":{"0":{"name":"get","decl":{"start":{"line":1,"column":9},"end":{"line":1,"column":40}},"loc":{"start":{"line":1,"column":9},"end":{"line":1,"column":40}},"line":1}},"f":{"0":5}}
,"/home/mohammad/proj/top/repos/top-lessons/node/practica/default-app-name/libraries/global-context/.dist/index.js": {"path":"/home/mohammad/proj/top/repos/top-lessons/node/practica/default-app-name/libraries/global-context/.dist/index.js","all":false,"statementMap":{"0":{"start":{"line":1,"column":0},"end":{"line":1,"column":13}},"1":{"start":{"line":2,"column":0},"end":{"line":2,"column":62}},"2":{"start":{"line":3,"column":0},"end":{"line":3,"column":25}},"3":{"start":{"line":4,"column":0},"end":{"line":4,"column":41}},"4":{"start":{"line":5,"column":0},"end":{"line":5,"column":112}}},"s":{"0":1,"1":1,"2":1,"3":1,"4":1},"branchMap":{"0":{"type":"branch","line":1,"loc":{"start":{"line":1,"column":0},"end":{"line":5,"column":112}},"locations":[{"start":{"line":1,"column":0},"end":{"line":5,"column":112}}]},"1":{"type":"branch","line":1,"loc":{"start":{"line":1,"column":0},"end":{"line":5,"column":112}},"locations":[{"start":{"line":1,"column":0},"end":{"line":5,"column":112}}]},"2":{"type":"branch","line":5,"loc":{"start":{"line":5,"column":67},"end":{"line":5,"column":108}},"locations":[{"start":{"line":5,"column":67},"end":{"line":5,"column":108}}]}},"b":{"0":[1],"1":[1],"2":[5]},"fnMap":{"0":{"name":"Object.<anonymous>","decl":{"start":{"line":1,"column":0},"end":{"line":5,"column":112}},"loc":{"start":{"line":1,"column":0},"end":{"line":5,"column":112}},"line":1},"1":{"name":"get","decl":{"start":{"line":5,"column":67},"end":{"line":5,"column":108}},"loc":{"start":{"line":5,"column":67},"end":{"line":5,"column":108}},"line":5}},"f":{"0":1,"1":5}}
,"/home/mohammad/proj/top/repos/top-lessons/node/practica/default-app-name/libraries/global-context/.dist/src/context.js": {"path":"/home/mohammad/proj/top/repos/top-lessons/node/practica/default-app-name/libraries/global-context/.dist/src/context.js","all":false,"statementMap":{"0":{"start":{"line":1,"column":0},"end":{"line":1,"column":13}},"1":{"start":{"line":2,"column":0},"end":{"line":2,"column":62}},"2":{"start":{"line":3,"column":0},"end":{"line":3,"column":25}},"3":{"start":{"line":4,"column":0},"end":{"line":4,"column":55}},"4":{"start":{"line":5,"column":0},"end":{"line":5,"column":19}},"5":{"start":{"line":6,"column":0},"end":{"line":6,"column":20}},"6":{"start":{"line":7,"column":0},"end":{"line":7,"column":39}},"7":{"start":{"line":8,"column":0},"end":{"line":8,"column":68}},"8":{"start":{"line":9,"column":0},"end":{"line":9,"column":5}},"9":{"start":{"line":10,"column":0},"end":{"line":10,"column":26}},"10":{"start":{"line":11,"column":0},"end":{"line":11,"column":1}},"11":{"start":{"line":12,"column":0},"end":{"line":12,"column":26}}},"s":{"0":1,"1":1,"2":1,"3":1,"4":1,"5":5,"6":5,"7":1,"8":1,"9":5,"10":5,"11":1},"branchMap":{"0":{"type":"branch","line":1,"loc":{"start":{"line":1,"column":0},"end":{"line":12,"column":26}},"locations":[{"start":{"line":1,"column":0},"end":{"line":12,"column":26}}]},"1":{"type":"branch","line":1,"loc":{"start":{"line":1,"column":0},"end":{"line":12,"column":26}},"locations":[{"start":{"line":1,"column":0},"end":{"line":12,"column":26}}]},"2":{"type":"branch","line":6,"loc":{"start":{"line":6,"column":0},"end":{"line":11,"column":1}},"locations":[{"start":{"line":6,"column":0},"end":{"line":11,"column":1}}]},"3":{"type":"branch","line":7,"loc":{"start":{"line":7,"column":38},"end":{"line":9,"column":5}},"locations":[{"start":{"line":7,"column":38},"end":{"line":9,"column":5}}]}},"b":{"0":[1],"1":[1],"2":[5],"3":[1]},"fnMap":{"0":{"name":"Object.<anonymous>","decl":{"start":{"line":1,"column":0},"end":{"line":12,"column":26}},"loc":{"start":{"line":1,"column":0},"end":{"line":12,"column":26}},"line":1},"1":{"name":"context","decl":{"start":{"line":6,"column":0},"end":{"line":11,"column":1}},"loc":{"start":{"line":6,"column":0},"end":{"line":11,"column":1}},"line":6}},"f":{"0":1,"1":5}}
,"/home/mohammad/proj/top/repos/top-lessons/node/practica/default-app-name/libraries/global-context/src/context.ts": {"path":"/home/mohammad/proj/top/repos/top-lessons/node/practica/default-app-name/libraries/global-context/src/context.ts","all":false,"statementMap":{"0":{"start":{"line":1,"column":0},"end":{"line":1,"column":53}},"1":{"start":{"line":2,"column":0},"end":{"line":2,"column":0}},"2":{"start":{"line":3,"column":0},"end":{"line":3,"column":47}},"3":{"start":{"line":4,"column":0},"end":{"line":4,"column":0}},"4":{"start":{"line":5,"column":0},"end":{"line":5,"column":62}},"5":{"start":{"line":6,"column":0},"end":{"line":6,"column":58}},"6":{"start":{"line":7,"column":0},"end":{"line":7,"column":37}},"7":{"start":{"line":8,"column":0},"end":{"line":8,"column":48}},"8":{"start":{"line":9,"column":0},"end":{"line":9,"column":3}},"9":{"start":{"line":10,"column":0},"end":{"line":10,"column":0}},"10":{"start":{"line":11,"column":0},"end":{"line":11,"column":48}},"11":{"start":{"line":12,"column":0},"end":{"line":12,"column":1}}},"s":{"0":1,"1":1,"2":1,"3":1,"4":1,"5":5,"6":5,"7":1,"8":1,"9":5,"10":5,"11":5},"branchMap":{"0":{"type":"branch","line":6,"loc":{"start":{"line":6,"column":0},"end":{"line":12,"column":1}},"locations":[{"start":{"line":6,"column":0},"end":{"line":12,"column":1}}]},"1":{"type":"branch","line":7,"loc":{"start":{"line":7,"column":36},"end":{"line":9,"column":3}},"locations":[{"start":{"line":7,"column":36},"end":{"line":9,"column":3}}]}},"b":{"0":[5],"1":[1]},"fnMap":{"0":{"name":"context","decl":{"start":{"line":6,"column":0},"end":{"line":12,"column":1}},"loc":{"start":{"line":6,"column":0},"end":{"line":12,"column":1}},"line":6}},"f":{"0":5}}
}
